04-13-2023 02:02:41 - info :   /tasks/ - POST - ::1
04-13-2023 02:02:41 - info :   /tasks/ - POST - ::1
04-13-2023 02:02:56 - info :   /tasks/ - POST - ::1
04-13-2023 02:02:56 - info :   /tasks/ - POST - ::1
04-13-2023 02:02:56 - info :   /tasks/ - POST - ::1
04-13-2023 02:02:56 - error :   400 - invalid data or user - /tasks/ - POST - ::1
04-13-2023 02:03:26 - info :   /user/login - POST - ::1
04-13-2023 02:03:26 - info :   /user/login - POST - ::1
04-13-2023 02:03:44 - info :   /tasks/168128295652 - GET - ::1
04-13-2023 02:03:44 - info :   /tasks/168128295652 - GET - ::1
04-13-2023 02:03:44 - info :   /tasks/168128295652 - GET - ::1
04-13-2023 02:03:44 - error :   400 - not found - /tasks/168128295652 - GET - ::1
04-13-2023 02:03:55 - info :   /tasks/ - POST - ::1
04-13-2023 02:03:55 - info :   /tasks/ - POST - ::1
04-13-2023 02:03:55 - info :   /tasks/ - POST - ::1
04-13-2023 02:03:55 - error :   400 - invalid data or user - /tasks/ - POST - ::1
04-13-2023 02:04:04 - info :   /tasks/ - GET - ::1
04-13-2023 02:04:04 - info :   /tasks/ - GET - ::1
04-13-2023 02:04:04 - info :   /tasks/ - GET - ::1
04-13-2023 02:04:04 - info :   /tasks/ - GET - ::1
04-13-2023 02:04:10 - info :   /tasks/168128295652 - GET - ::1
04-13-2023 02:04:10 - info :   /tasks/168128295652 - GET - ::1
04-13-2023 02:04:10 - info :   /tasks/168128295652 - GET - ::1
04-13-2023 02:04:10 - error :   400 - not found - /tasks/168128295652 - GET - ::1
